<?xml version="1.0" encoding="UTF-8"?>
<testsuite name="EllipseTest" tests="4" skipped="0" failures="0" errors="0" timestamp="2025-07-02T02:53:50" hostname="LAPTOP-3K11F5LJ" time="0.072">
  <properties/>
  <testcase name="testMove" classname="EllipseTest" time="0.02"/>
  <testcase name="testAreaNotZero" classname="EllipseTest" time="0.047"/>
  <testcase name="testGetArea" classname="EllipseTest" time="0.0"/>
  <testcase name="testGetAttributes" classname="EllipseTest" time="0.003"/>
  <system-out><![CDATA[]]></system-out>
  <system-err><![CDATA[]]></system-err>
</testsuite>
